{"D:\\BackEndNodeJS\\ExpressJS\\CyberMedia\\src\\common\\prisma\\prisma.init.js": {"path":"D:\\BackEndNodeJS\\ExpressJS\\CyberMedia\\src\\common\\prisma\\prisma.init.js","statementMap":{"0":{"start":{"line":3,"column":15},"end":{"line":9,"column":2}}},"fnMap":{},"branchMap":{},"s":{"0":1},"f":{},"b":{},"_coverageSchema":"1a1c01bbd47fc00a2c39e90264f33305004495a9","hash":"188f99d3d0d3448a77584e9fe5e4f651915dc4d9"}
,"D:\\BackEndNodeJS\\ExpressJS\\CyberMedia\\src\\services\\auth.service.js": {"path":"D:\\BackEndNodeJS\\ExpressJS\\CyberMedia\\src\\services\\auth.service.js","statementMap":{"0":{"start":{"line":15,"column":20},"end":{"line":154,"column":1}},"1":{"start":{"line":17,"column":48},"end":{"line":17,"column":56}},"2":{"start":{"line":18,"column":8},"end":{"line":20,"column":9}},"3":{"start":{"line":19,"column":12},"end":{"line":19,"column":73}},"4":{"start":{"line":24,"column":26},"end":{"line":28,"column":10}},"5":{"start":{"line":29,"column":8},"end":{"line":43,"column":9}},"6":{"start":{"line":30,"column":12},"end":{"line":30,"column":51}},"7":{"start":{"line":33,"column":35},"end":{"line":33,"column":67}},"8":{"start":{"line":34,"column":28},"end":{"line":40,"column":14}},"9":{"start":{"line":41,"column":12},"end":{"line":41,"column":40}},"10":{"start":{"line":42,"column":12},"end":{"line":42,"column":27}},"11":{"start":{"line":47,"column":35},"end":{"line":47,"column":43}},"12":{"start":{"line":48,"column":8},"end":{"line":48,"column":38}},"13":{"start":{"line":51,"column":26},"end":{"line":60,"column":10}},"14":{"start":{"line":62,"column":8},"end":{"line":66,"column":9}},"15":{"start":{"line":63,"column":12},"end":{"line":65,"column":14}},"16":{"start":{"line":68,"column":32},"end":{"line":71,"column":9}},"17":{"start":{"line":72,"column":8},"end":{"line":74,"column":9}},"18":{"start":{"line":73,"column":12},"end":{"line":73,"column":67}},"19":{"start":{"line":76,"column":23},"end":{"line":76,"column":46}},"20":{"start":{"line":77,"column":8},"end":{"line":77,"column":22}},"21":{"start":{"line":81,"column":45},"end":{"line":81,"column":53}},"22":{"start":{"line":82,"column":8},"end":{"line":82,"column":50}},"23":{"start":{"line":83,"column":26},"end":{"line":93,"column":10}},"24":{"start":{"line":94,"column":8},"end":{"line":122,"column":9}},"25":{"start":{"line":95,"column":12},"end":{"line":104,"column":15}},"26":{"start":{"line":105,"column":27},"end":{"line":105,"column":50}},"27":{"start":{"line":107,"column":12},"end":{"line":107,"column":26}},"28":{"start":{"line":110,"column":30},"end":{"line":118,"column":14}},"29":{"start":{"line":120,"column":27},"end":{"line":120,"column":50}},"30":{"start":{"line":121,"column":12},"end":{"line":121,"column":26}},"31":{"start":{"line":127,"column":29},"end":{"line":127,"column":70}},"32":{"start":{"line":128,"column":28},"end":{"line":128,"column":57}},"33":{"start":{"line":132,"column":34},"end":{"line":134,"column":10}},"34":{"start":{"line":135,"column":35},"end":{"line":138,"column":9}},"35":{"start":{"line":139,"column":8},"end":{"line":141,"column":9}},"36":{"start":{"line":140,"column":12},"end":{"line":140,"column":42}},"37":{"start":{"line":142,"column":27},"end":{"line":146,"column":10}},"38":{"start":{"line":148,"column":8},"end":{"line":150,"column":9}},"39":{"start":{"line":149,"column":12},"end":{"line":149,"column":39}},"40":{"start":{"line":151,"column":23},"end":{"line":151,"column":47}},"41":{"start":{"line":152,"column":8},"end":{"line":152,"column":22}}},"fnMap":{"0":{"name":"(anonymous_0)","decl":{"start":{"line":16,"column":14},"end":{"line":16,"column":15}},"loc":{"start":{"line":16,"column":35},"end":{"line":44,"column":5}},"line":16},"1":{"name":"(anonymous_1)","decl":{"start":{"line":45,"column":11},"end":{"line":45,"column":12}},"loc":{"start":{"line":45,"column":26},"end":{"line":78,"column":5}},"line":45},"2":{"name":"(anonymous_2)","decl":{"start":{"line":79,"column":19},"end":{"line":79,"column":20}},"loc":{"start":{"line":79,"column":34},"end":{"line":123,"column":5}},"line":79},"3":{"name":"(anonymous_3)","decl":{"start":{"line":124,"column":18},"end":{"line":124,"column":19}},"loc":{"start":{"line":124,"column":33},"end":{"line":153,"column":5}},"line":124}},"branchMap":{"0":{"loc":{"start":{"line":18,"column":8},"end":{"line":20,"column":9}},"type":"if","locations":[{"start":{"line":18,"column":8},"end":{"line":20,"column":9}},{"start":{},"end":{}}],"line":18},"1":{"loc":{"start":{"line":18,"column":12},"end":{"line":18,"column":46}},"type":"binary-expr","locations":[{"start":{"line":18,"column":12},"end":{"line":18,"column":18}},{"start":{"line":18,"column":22},"end":{"line":18,"column":32}},{"start":{"line":18,"column":36},"end":{"line":18,"column":46}}],"line":18},"2":{"loc":{"start":{"line":29,"column":8},"end":{"line":43,"column":9}},"type":"if","locations":[{"start":{"line":29,"column":8},"end":{"line":43,"column":9}},{"start":{"line":32,"column":15},"end":{"line":43,"column":9}}],"line":29},"3":{"loc":{"start":{"line":62,"column":8},"end":{"line":66,"column":9}},"type":"if","locations":[{"start":{"line":62,"column":8},"end":{"line":66,"column":9}},{"start":{},"end":{}}],"line":62},"4":{"loc":{"start":{"line":72,"column":8},"end":{"line":74,"column":9}},"type":"if","locations":[{"start":{"line":72,"column":8},"end":{"line":74,"column":9}},{"start":{},"end":{}}],"line":72},"5":{"loc":{"start":{"line":94,"column":8},"end":{"line":122,"column":9}},"type":"if","locations":[{"start":{"line":94,"column":8},"end":{"line":122,"column":9}},{"start":{"line":108,"column":15},"end":{"line":122,"column":9}}],"line":94},"6":{"loc":{"start":{"line":100,"column":31},"end":{"line":100,"column":69}},"type":"cond-expr","locations":[{"start":{"line":100,"column":53},"end":{"line":100,"column":62}},{"start":{"line":100,"column":65},"end":{"line":100,"column":69}}],"line":100},"7":{"loc":{"start":{"line":101,"column":28},"end":{"line":101,"column":75}},"type":"cond-expr","locations":[{"start":{"line":101,"column":47},"end":{"line":101,"column":56}},{"start":{"line":101,"column":59},"end":{"line":101,"column":75}}],"line":101},"8":{"loc":{"start":{"line":102,"column":33},"end":{"line":102,"column":71}},"type":"cond-expr","locations":[{"start":{"line":102,"column":57},"end":{"line":102,"column":66}},{"start":{"line":102,"column":69},"end":{"line":102,"column":71}}],"line":102},"9":{"loc":{"start":{"line":139,"column":8},"end":{"line":141,"column":9}},"type":"if","locations":[{"start":{"line":139,"column":8},"end":{"line":141,"column":9}},{"start":{},"end":{}}],"line":139},"10":{"loc":{"start":{"line":148,"column":8},"end":{"line":150,"column":9}},"type":"if","locations":[{"start":{"line":148,"column":8},"end":{"line":150,"column":9}},{"start":{},"end":{}}],"line":148}},"s":{"0":1,"1":1,"2":1,"3":0,"4":1,"5":1,"6":0,"7":1,"8":1,"9":1,"10":1,"11":0,"12":0,"13":0,"14":0,"15":0,"16":0,"17":0,"18":0,"19":0,"20":0,"21":0,"22":0,"23":0,"24":0,"25":0,"26":0,"27":0,"28":0,"29":0,"30":0,"31":0,"32":0,"33":0,"34":0,"35":0,"36":0,"37":0,"38":0,"39":0,"40":0,"41":0},"f":{"0":1,"1":0,"2":0,"3":0},"b":{"0":[0,1],"1":[1,1,1],"2":[0,1],"3":[0,0],"4":[0,0],"5":[0,0],"6":[0,0],"7":[0,0],"8":[0,0],"9":[0,0],"10":[0,0]},"_coverageSchema":"1a1c01bbd47fc00a2c39e90264f33305004495a9","hash":"10197d6e99548bf6fd2fc641205fbccb6877f40d"}
}
