TN:
SF:src\common\prisma\prisma.init.js
FNF:0
FNH:0
DA:3,1
LF:1
LH:1
BRF:0
BRH:0
end_of_record
TN:
SF:src\services\auth.service.js
FN:16,(anonymous_0)
FN:45,(anonymous_1)
FN:79,(anonymous_2)
FN:124,(anonymous_3)
FNF:4
FNH:1
FNDA:1,(anonymous_0)
FNDA:0,(anonymous_1)
FNDA:0,(anonymous_2)
FNDA:0,(anonymous_3)
DA:15,1
DA:17,1
DA:18,1
DA:19,0
DA:24,1
DA:29,1
DA:30,0
DA:33,1
DA:34,1
DA:41,1
DA:42,1
DA:47,0
DA:48,0
DA:51,0
DA:62,0
DA:63,0
DA:68,0
DA:72,0
DA:73,0
DA:76,0
DA:77,0
DA:81,0
DA:82,0
DA:83,0
DA:94,0
DA:95,0
DA:105,0
DA:107,0
DA:110,0
DA:120,0
DA:121,0
DA:127,0
DA:128,0
DA:132,0
DA:135,0
DA:139,0
DA:140,0
DA:142,0
DA:148,0
DA:149,0
DA:151,0
DA:152,0
LF:42
LH:9
BRDA:18,0,0,0
BRDA:18,0,1,1
BRDA:18,1,0,1
BRDA:18,1,1,1
BRDA:18,1,2,1
BRDA:29,2,0,0
BRDA:29,2,1,1
BRDA:62,3,0,0
BRDA:62,3,1,0
BRDA:72,4,0,0
BRDA:72,4,1,0
BRDA:94,5,0,0
BRDA:94,5,1,0
BRDA:100,6,0,0
BRDA:100,6,1,0
BRDA:101,7,0,0
BRDA:101,7,1,0
BRDA:102,8,0,0
BRDA:102,8,1,0
BRDA:139,9,0,0
BRDA:139,9,1,0
BRDA:148,10,0,0
BRDA:148,10,1,0
BRF:23
BRH:5
end_of_record
